CRITICAL - 2025-07-20 03:04:12 --> ErrorException: Undefined variable $nama
[Method: GET, Route: account/ubah_profil]
in APPPATH\Views\ubah_profil.php on line 25.
 1 APPPATH\Views\ubah_profil.php(25): CodeIgniter\Debug\Exceptions->errorHandler(2, 'Undefined variable $nama', 'C:\\xampp\\htdocs\\UAS-WEB\\ci4\\app\\Views\\ubah_profil.php', 25)
 2 SYSTEMPATH\View\View.php(224): include('C:\\xampp\\htdocs\\UAS-WEB\\ci4\\app\\Views\\ubah_profil.php')
 3 SYSTEMPATH\View\View.php(227): CodeIgniter\View\View->CodeIgniter\View\{closure}()
 4 SYSTEMPATH\Common.php(1173): CodeIgniter\View\View->render('ubah_profil', [], true)
 5 APPPATH\Controllers\Account.php(27): view('ubah_profil')
 6 SYSTEMPATH\CodeIgniter.php(933): App\Controllers\Account->ubah_profil()
 7 SYSTEMPATH\CodeIgniter.php(507): CodeIgniter\CodeIgniter->runController(Object(App\Controllers\Account))
 8 SYSTEMPATH\CodeIgniter.php(354): CodeIgniter\CodeIgniter->handleRequest(null, Object(Config\Cache), false)
 9 SYSTEMPATH\Boot.php(334): CodeIgniter\CodeIgniter->run()
10 SYSTEMPATH\Boot.php(67): CodeIgniter\Boot::runCodeIgniter(Object(CodeIgniter\CodeIgniter))
11 FCPATH\index.php(56): CodeIgniter\Boot::bootWeb(Object(Config\Paths))
12 SYSTEMPATH\rewrite.php(44): require_once('C:\\xampp\\htdocs\\UAS-WEB\\ci4\\public\\index.php')
CRITICAL - 2025-07-20 03:09:23 --> ErrorException: Undefined variable $nama
[Method: GET, Route: account/ubah_profil]
in APPPATH\Views\ubah_profil.php on line 25.
 1 APPPATH\Views\ubah_profil.php(25): CodeIgniter\Debug\Exceptions->errorHandler(2, 'Undefined variable $nama', 'C:\\xampp\\htdocs\\UAS-WEB\\ci4\\app\\Views\\ubah_profil.php', 25)
 2 SYSTEMPATH\View\View.php(224): include('C:\\xampp\\htdocs\\UAS-WEB\\ci4\\app\\Views\\ubah_profil.php')
 3 SYSTEMPATH\View\View.php(227): CodeIgniter\View\View->CodeIgniter\View\{closure}()
 4 SYSTEMPATH\Common.php(1173): CodeIgniter\View\View->render('ubah_profil', [], true)
 5 APPPATH\Controllers\Account.php(27): view('ubah_profil')
 6 SYSTEMPATH\CodeIgniter.php(933): App\Controllers\Account->ubah_profil()
 7 SYSTEMPATH\CodeIgniter.php(507): CodeIgniter\CodeIgniter->runController(Object(App\Controllers\Account))
 8 SYSTEMPATH\CodeIgniter.php(354): CodeIgniter\CodeIgniter->handleRequest(null, Object(Config\Cache), false)
 9 SYSTEMPATH\Boot.php(334): CodeIgniter\CodeIgniter->run()
10 SYSTEMPATH\Boot.php(67): CodeIgniter\Boot::runCodeIgniter(Object(CodeIgniter\CodeIgniter))
11 FCPATH\index.php(56): CodeIgniter\Boot::bootWeb(Object(Config\Paths))
12 SYSTEMPATH\rewrite.php(44): require_once('C:\\xampp\\htdocs\\UAS-WEB\\ci4\\public\\index.php')
CRITICAL - 2025-07-20 03:15:29 --> ErrorException: Undefined variable $nama
[Method: GET, Route: account/ubah_profil]
in APPPATH\Views\ubah_profil.php on line 25.
 1 APPPATH\Views\ubah_profil.php(25): CodeIgniter\Debug\Exceptions->errorHandler(2, 'Undefined variable $nama', 'C:\\xampp\\htdocs\\UAS-WEB\\ci4\\app\\Views\\ubah_profil.php', 25)
 2 SYSTEMPATH\View\View.php(224): include('C:\\xampp\\htdocs\\UAS-WEB\\ci4\\app\\Views\\ubah_profil.php')
 3 SYSTEMPATH\View\View.php(227): CodeIgniter\View\View->CodeIgniter\View\{closure}()
 4 SYSTEMPATH\Common.php(1173): CodeIgniter\View\View->render('ubah_profil', [], true)
 5 APPPATH\Controllers\Account.php(27): view('ubah_profil')
 6 SYSTEMPATH\CodeIgniter.php(933): App\Controllers\Account->ubah_profil()
 7 SYSTEMPATH\CodeIgniter.php(507): CodeIgniter\CodeIgniter->runController(Object(App\Controllers\Account))
 8 SYSTEMPATH\CodeIgniter.php(354): CodeIgniter\CodeIgniter->handleRequest(null, Object(Config\Cache), false)
 9 SYSTEMPATH\Boot.php(334): CodeIgniter\CodeIgniter->run()
10 SYSTEMPATH\Boot.php(67): CodeIgniter\Boot::runCodeIgniter(Object(CodeIgniter\CodeIgniter))
11 FCPATH\index.php(56): CodeIgniter\Boot::bootWeb(Object(Config\Paths))
12 SYSTEMPATH\rewrite.php(44): require_once('C:\\xampp\\htdocs\\UAS-WEB\\ci4\\public\\index.php')
